text(3,8) : error : Unexpected token `%`. Expecting an expression for the value of the member.
text(3,9) : error : Error while parsing binary expression: Expecting an <expression> to the right of the operator instead of `}` in: <expression> operator <expression>
text(3,9) : error : Invalid token found `}`. Expecting <EOL>/end of line.