text(3,7) : error : Unexpected token `1` Expecting a colon : after identifier `test` for object initializer member name
text(3,8) : error : Invalid token found `}`. Expecting <EOL>/end of line.